Set 1
Across the Universe - Beatles
All You Need Is Love - ohn Lennon/Paul McCartney
Amie - Pure Prairie League
Breakdown - Tom Petty
Brown Eyed Girl - Van Morrison
Country Road - John Denver
Desperado - The Eagles
Drug Store Novels - Cast of Shadows
Fire and Rain - James Taylor
Fool You Never Knew - Tempest
Free Fallin - Tom Petty
Give a Little Bit - Roger Hodgson
Here in Heaven - Mike Fraser
Hold On - Kansas
Hotel California - Eagles
I Can See Clearly Now - Johnny Nash or Jimmy Cliff
I Still Can't Say Goodbye - Chet Atkins
I'm Your Captain - Grand Funk Railroad
Imagine - John Lennon
Last Man on Earth - Alice Cooper
Leather And Lace - Stevie Nicks
Let It Be - Beatles
Listen to the Music - Doobie Brothers
Love Her Madly - Doors
Maggie May - Rod Stewart
Margaritaville - Jimmy Buffett
Lyin' Eyes - Eagles
Me and Julio Down by the Schoolyard - Paul Simon
Mother - Pink Floyd
Mrs. Robinson - Paul Simon
My Life - Tempest
Naptime - Jen Hajj
Peaceful, Easy Feeling - Eagles
Piano Man - Billy Joel
Questions - Moody Blues
Ramblin' Man - Allman Brothers Band
Reason to Believe - Tim Hardin (Rod Stewart)
Santa Monica - Everclear
Seems Like a Dream - Tempest
Serenade - Steve Miller
Sister Golden Hair - America
Sitting on the Dock of the Bay - Otis Redding
Space Oddity - David Bowie
Still Rock And Roll To Me
Strong Enough To Win - Mike Fraser
Swingtown - Steve Miller
Take It Easy - Eagles
Turn the Page - Bob Seager
Voices - Red Shoes For Romeo
We Got - Tim Minchin
What a Wonderful World - Louis Armstrong
What I've Already Heard - Mike Fraser
Where You Take Me - Jen Hajj
Who'll Stop The Rain - Creedence Clearwater Revival
Will the Circle Be Unbroken - Ada R. Habershon and Charles H. Gabriel
You Ain't Seen Nothing Yet - Backman Turner Overdrive
Young as You - Mike Fraser
