cleartasks.pl V1.25 started at Wed Jun 19 12:32:28 2013
updatela: ERROR: 20130621@16:42:53 System: earth Loadavg 5.15 Threshold 5.00
updatela: ERROR: 20130624@08:20:10 System: earth Loadavg 5.54 Threshold 5.00
updatela: ERROR #1: Unable to connect to system mars:25327
cleartasks.pl V1.25 started at Mon Jun 24 12:18:10 2013
cleartasks: ERROR: 20130628@12:48:27: Unable to talk to DB server.

Clearadm::_getRecords: Unable to execute statement
Error #2006: MySQL server has gone away
SQL Statement: select * from system where name like '%%' or alias like '%%'

Will try again in 30 seconds
cleartasks: ERROR: 20130629@12:49:00: Unable to talk to DB server.

Clearadm::_getRecords: Unable to execute statement
Error #2006: MySQL server has gone away
SQL Statement: select * from system where name like '%%' or alias like '%%'

Will try again in 30 seconds
cleartasks: ERROR: 20130630@12:49:32: Unable to talk to DB server.

Clearadm::_getRecords: Unable to execute statement
Error #2006: MySQL server has gone away
SQL Statement: select * from system where name like '%%' or alias like '%%'

Will try again in 30 seconds
cleartasks: ERROR: 20130701@12:50:04: Unable to talk to DB server.

Clearadm::_getRecords: Unable to execute statement
Error #2006: MySQL server has gone away
SQL Statement: select * from system where name like '%%' or alias like '%%'

Will try again in 30 seconds
cleartasks: ERROR: 20130702@12:50:37: Unable to talk to DB server.

Clearadm::_getRecords: Unable to execute statement
Error #2006: MySQL server has gone away
SQL Statement: select * from system where name like '%%' or alias like '%%'

Will try again in 30 seconds
cleartasks.pl V1.25 started at Wed Jul  3 10:44:00 2013
updatela: ERROR: 20130703@17:27:52 System: earth Loadavg 5.13 Threshold 5.00
updatela: ERROR #1: Unable to connect to system neptune:25327
updatela: ERROR: 20130708@03:40:20 System: earth Loadavg 5.43 Threshold 5.00
updatela: ERROR: 20130708@08:25:53 System: earth Loadavg 5.04 Threshold 5.00
cleartasks: ERROR: 20130709@12:54:29: Unable to talk to DB server.

Clearadm::_getRecords: Unable to execute statement
Error #2006: MySQL server has gone away
SQL Statement: select * from system where name like '%%' or alias like '%%'

Will try again in 30 seconds
cleartasks: ERROR: 20130710@12:55:01: Unable to talk to DB server.

Clearadm::_getRecords: Unable to execute statement
Error #2006: MySQL server has gone away
SQL Statement: select * from system where name like '%%' or alias like '%%'

Will try again in 30 seconds
updatela: ERROR: 20130710@12:55:32 System: earth Loadavg 9.53 Threshold 5.00
cleartasks.pl V1.25 started at Wed Jul 10 13:32:54 2013
Couldn't connect to clearadm database as clearwriter@earth at /opt/clearscm/clearadm/cleartasks.pl line 510
